<?xml version="1.0" encoding="UTF-8"?>
<!-- Generated by org.testng.reporters.JUnitReportReporter -->
<testsuite skipped="0" hostname="DESKTOP-M0UH53U" name="com.itview.testng.Assignment_1" tests="4" failures="0" timestamp="2022-12-31T11:57:38 IST" time="7.330" errors="0">
  <testcase name="homePage" time="4.666" classname="com.itview.testng.Assignment_1"/>
  <system-out/>
  <testcase name="reservePage" time="0.775" classname="com.itview.testng.Assignment_1"/>
  <system-out/>
  <testcase name="purshasePage" time="1.885" classname="com.itview.testng.Assignment_1"/>
  <system-out/>
  <testcase name="confirmationPage" time="0.004" classname="com.itview.testng.Assignment_1"/>
  <system-out/>
</testsuite> <!-- com.itview.testng.Assignment_1 -->
