<?xml version="1.0" encoding="UTF-8"?>
<!-- Generated by org.testng.reporters.JUnitReportReporter -->
<testsuite skipped="1" hostname="DESKTOP-M0UH53U" name="com.itview.testng.LoginTestCase_MutualFund" tests="3" failures="0" timestamp="2023-01-22T10:22:34 IST" time="4.402" errors="0">
  <testcase name="loginAdminTest" time="3.242" classname="com.itview.testng.LoginTestCase_MutualFund"/>
  <system-out/>
  <testcase name="loginInvalidUser" time="1.160" classname="com.itview.testng.LoginTestCase_MutualFund"/>
  <system-out/>
  <testcase name="loginTuserTest" classname="com.itview.testng.LoginTestCase_MutualFund">
    <skipped/>
  </testcase> <!-- loginTuserTest -->
  <system-out/>
</testsuite> <!-- com.itview.testng.LoginTestCase_MutualFund -->
