<?xml version="1.0" encoding="UTF-8"?>
<!-- Generated by org.testng.reporters.JUnitReportReporter -->
<testsuite skipped="0" hostname="DESKTOP-M0UH53U" name="com.itview.datadriven.DataDriven_FixedDeposit" tests="3" failures="0" timestamp="2023-01-14T13:10:15 IST" time="33.659" errors="0">
  <testcase name="f" time="5.335" classname="com.itview.datadriven.DataDriven_FixedDeposit"/>
  <system-out/>
  <testcase name="f" time="7.899" classname="com.itview.datadriven.DataDriven_FixedDeposit"/>
  <system-out/>
  <testcase name="f" time="20.425" classname="com.itview.datadriven.DataDriven_FixedDeposit"/>
  <system-out/>
</testsuite> <!-- com.itview.datadriven.DataDriven_FixedDeposit -->
