<?xml version="1.0" encoding="UTF-8"?>
<!-- Generated by org.testng.reporters.JUnitReportReporter -->
<testsuite skipped="0" hostname="DESKTOP-M0UH53U" name="com.itview.actualtestcases.CarHomeLoanEMI_Test" tests="1" failures="0" timestamp="2023-01-08T12:18:27 IST" time="15.426" errors="0">
  <testcase name="carHomeLoanEMI_Test1" time="15.426" classname="com.itview.actualtestcases.CarHomeLoanEMI_Test"/>
  <system-out/>
</testsuite> <!-- com.itview.actualtestcases.CarHomeLoanEMI_Test -->
