<?xml version="1.0" encoding="UTF-8"?>
<!-- Generated by org.testng.reporters.JUnitReportReporter -->
<testsuite skipped="0" hostname="DESKTOP-M0UH53U" name="com.itview.webobject.Code_For_CountElements_1" tests="1" failures="0" timestamp="2022-12-31T10:55:53 IST" time="11.685" errors="0">
  <testcase name="CountWebElement" time="11.685" classname="com.itview.webobject.Code_For_CountElements_1"/>
  <system-out/>
</testsuite> <!-- com.itview.webobject.Code_For_CountElements_1 -->
