<?xml version="1.0" encoding="UTF-8"?>
<!-- Generated by org.testng.reporters.JUnitReportReporter -->
<testsuite skipped="0" hostname="DESKTOP-M0UH53U" name="com.itview.webobject.Code_For_WindowSize_5" tests="1" failures="0" timestamp="2022-12-31T11:35:52 IST" time="5.432" errors="0">
  <testcase name="Code_For_WindowSize" time="5.432" classname="com.itview.webobject.Code_For_WindowSize_5"/>
  <system-out/>
</testsuite> <!-- com.itview.webobject.Code_For_WindowSize_5 -->
