<?xml version="1.0" encoding="UTF-8"?>
<!-- Generated by org.testng.reporters.JUnitReportReporter -->
<testsuite skipped="1" hostname="DESKTOP-M0UH53U" name="com.itview.testng.LoginTestCase" tests="3" failures="0" timestamp="2022-12-17T12:15:57 IST" time="4.090" errors="0">
  <testcase name="loginAdminTest" time="2.896" classname="com.itview.testng.LoginTestCase"/>
  <system-out/>
  <testcase name="loginInvalidUser" time="1.194" classname="com.itview.testng.LoginTestCase"/>
  <system-out/>
  <testcase name="loginTuserTest" classname="com.itview.testng.LoginTestCase">
    <skipped/>
  </testcase> <!-- loginTuserTest -->
  <system-out/>
</testsuite> <!-- com.itview.testng.LoginTestCase -->
