<?xml version="1.0" encoding="UTF-8"?>
<!-- Generated by org.testng.reporters.JUnitReportReporter -->
<testsuite skipped="0" hostname="DESKTOP-M0UH53U" name="com.itview.webobject.Code_For_WindowTab_8" tests="2" failures="0" timestamp="2023-01-07T12:38:02 IST" time="62.217" errors="0">
  <testcase name="Tab" time="0.004" classname="com.itview.webobject.Code_For_WindowTab_8"/>
  <system-out/>
  <testcase name="tabFlipkart" time="62.213" classname="com.itview.webobject.Code_For_WindowTab_8"/>
  <system-out/>
</testsuite> <!-- com.itview.webobject.Code_For_WindowTab_8 -->
