<?xml version="1.0" encoding="UTF-8"?>
<!-- Generated by org.testng.reporters.JUnitReportReporter -->
<testsuite skipped="0" hostname="DESKTOP-M0UH53U" name="com.itview.webobject.Code_For_navigate_4" tests="1" failures="0" timestamp="2022-12-31T11:30:26 IST" time="29.147" errors="0">
  <testcase name="Code_For_navigate" time="29.147" classname="com.itview.webobject.Code_For_navigate_4"/>
  <system-out/>
</testsuite> <!-- com.itview.webobject.Code_For_navigate_4 -->
