<?xml version="1.0" encoding="UTF-8"?>
<!-- Generated by org.testng.reporters.JUnitReportReporter -->
<testsuite skipped="0" hostname="DESKTOP-M0UH53U" name="com.itview.testng.HardAssertTest" tests="2" failures="0" timestamp="2022-12-18T11:29:22 IST" time="5.382" errors="0">
  <testcase name="loginAdminTest" time="2.289" classname="com.itview.testng.HardAssertTest"/>
  <system-out/>
  <testcase name="logoutAdminTest" time="3.093" classname="com.itview.testng.HardAssertTest"/>
  <system-out/>
</testsuite> <!-- com.itview.testng.HardAssertTest -->
