<?xml version="1.0" encoding="UTF-8"?>
<!-- Generated by org.testng.reporters.JUnitReportReporter -->
<testsuite skipped="0" hostname="DESKTOP-M0UH53U" name="com.itview.testng.LoginTestCase_OrangeHRM" tests="1" failures="0" timestamp="2023-01-22T10:22:34 IST" time="12.666" errors="0">
  <testcase name="loginTest" time="12.666" classname="com.itview.testng.LoginTestCase_OrangeHRM"/>
  <system-out/>
</testsuite> <!-- com.itview.testng.LoginTestCase_OrangeHRM -->
