<?xml version="1.0" encoding="UTF-8"?>
<!-- Generated by org.testng.reporters.JUnitReportReporter -->
<testsuite skipped="0" hostname="DESKTOP-M0UH53U" name="com.selenium.testng.LoginTestCase" tests="1" failures="0" timestamp="2022-12-17T10:47:30 IST" time="5.190" errors="0">
  <testcase name="loginAdminTest" time="5.190" classname="com.selenium.testng.LoginTestCase"/>
  <system-out/>
</testsuite> <!-- com.selenium.testng.LoginTestCase -->
