<?xml version="1.0" encoding="UTF-8"?>
<!-- Generated by org.testng.reporters.JUnitReportReporter -->
<testsuite skipped="0" hostname="DESKTOP-M0UH53U" name="com.itview.datadriven.DataDrivenExcel_KeywordDriven" tests="1" failures="0" timestamp="2023-01-14T13:27:54 IST" time="27.295" errors="0">
  <testcase name="dataDrivenTest" time="27.295" classname="com.itview.datadriven.DataDrivenExcel_KeywordDriven"/>
  <system-out/>
</testsuite> <!-- com.itview.datadriven.DataDrivenExcel_KeywordDriven -->
