<?xml version="1.0" encoding="UTF-8"?>
<!-- Generated by org.testng.reporters.JUnitReportReporter -->
<testsuite skipped="0" hostname="DESKTOP-M0UH53U" name="com.itview.testng.CrossBrowserCode" tests="3" failures="0" timestamp="2022-12-31T10:03:32 IST" time="192.460" errors="0">
  <testcase name="openGooglePageOnChrome" time="46.341" classname="com.itview.testng.CrossBrowserCode"/>
  <system-out/>
  <testcase name="openGooglePageOnFirefox" time="117.966" classname="com.itview.testng.CrossBrowserCode"/>
  <system-out/>
  <testcase name="openGooglePageOnEdge" time="28.153" classname="com.itview.testng.CrossBrowserCode"/>
  <system-out/>
</testsuite> <!-- com.itview.testng.CrossBrowserCode -->
