<?xml version="1.0" encoding="UTF-8"?>
<!-- Generated by org.testng.reporters.JUnitReportReporter -->
<testsuite skipped="0" hostname="DESKTOP-M0UH53U" name="com.itview.testng.AllAnnotations" tests="3" failures="0" timestamp="2022-12-18T12:42:11 IST" time="0.011" errors="0">
  <testcase name="Test3" time="0.003" classname="com.itview.testng.AllAnnotations"/>
  <system-out/>
  <testcase name="Test1" time="0.006" classname="com.itview.testng.AllAnnotations"/>
  <system-out/>
  <testcase name="Test2" time="0.002" classname="com.itview.testng.AllAnnotations"/>
  <system-out/>
</testsuite> <!-- com.itview.testng.AllAnnotations -->
