<?xml version="1.0" encoding="UTF-8"?>
<!-- Generated by org.testng.reporters.JUnitReportReporter -->
<testsuite skipped="0" hostname="DESKTOP-M0UH53U" name="com.itview.testng.Basic_WebObject" tests="3" failures="0" timestamp="2022-12-24T12:38:39 IST" time="12.772" errors="0">
  <testcase name="handleTextBox" time="11.182" classname="com.itview.testng.Basic_WebObject"/>
  <system-out/>
  <testcase name="handleRadioButton_Checkbox" time="1.255" classname="com.itview.testng.Basic_WebObject"/>
  <system-out/>
  <testcase name="handleDropDownList" time="0.335" classname="com.itview.testng.Basic_WebObject"/>
  <system-out/>
</testsuite> <!-- com.itview.testng.Basic_WebObject -->
