<?xml version="1.0" encoding="UTF-8"?>
<!-- Generated by org.testng.reporters.JUnitReportReporter -->
<testsuite skipped="0" hostname="DESKTOP-M0UH53U" name="com.itview.webobject.Code_For_MouseHandle_7" tests="1" failures="0" timestamp="2023-01-07T12:05:00 IST" time="3.696" errors="0">
  <testcase name="Code_For_MouseHandle_Test" time="3.696" classname="com.itview.webobject.Code_For_MouseHandle_7"/>
  <system-out/>
</testsuite> <!-- com.itview.webobject.Code_For_MouseHandle_7 -->
