<?xml version="1.0" encoding="UTF-8"?>
<!-- Generated by org.testng.reporters.JUnitReportReporter -->
<testsuite skipped="0" hostname="DESKTOP-M0UH53U" name="com.itview.testng.SoftAssertTest" tests="2" failures="0" timestamp="2022-12-18T11:22:47 IST" time="5.216" errors="0">
  <testcase name="loginAdminTest" time="2.295" classname="com.itview.testng.SoftAssertTest"/>
  <system-out/>
  <testcase name="logoutAdminTest" time="2.921" classname="com.itview.testng.SoftAssertTest"/>
  <system-out/>
</testsuite> <!-- com.itview.testng.SoftAssertTest -->
