<?xml version="1.0" encoding="UTF-8"?>
<!-- Generated by org.testng.reporters.JUnitReportReporter -->
<testsuite skipped="0" hostname="DESKTOP-M0UH53U" name="com.itview.datadriven.DataDrivenTest" tests="1" failures="0" timestamp="2023-01-15T09:47:06 IST" time="23.723" errors="0">
  <testcase name="f" time="23.723" classname="com.itview.datadriven.DataDrivenTest"/>
  <system-out/>
</testsuite> <!-- com.itview.datadriven.DataDrivenTest -->
