<?xml version="1.0" encoding="UTF-8"?>
<!-- Generated by org.testng.reporters.JUnitReportReporter -->
<testsuite skipped="0" hostname="DESKTOP-M0UH53U" name="com.itview.testng.LoginTestCase_MutualFund" tests="3" failures="0" timestamp="2023-01-22T11:30:06 IST" time="7.631" errors="0">
  <testcase name="loginAdminTest" time="3.966" classname="com.itview.testng.LoginTestCase_MutualFund"/>
  <system-out/>
  <testcase name="loginTuserTest" time="2.314" classname="com.itview.testng.LoginTestCase_MutualFund"/>
  <system-out/>
  <testcase name="loginInvalidUser" time="1.351" classname="com.itview.testng.LoginTestCase_MutualFund"/>
  <system-out/>
</testsuite> <!-- com.itview.testng.LoginTestCase_MutualFund -->
